<?xml version="1.0" encoding="UTF-8"?>
<coverage generated="1775646676864" clover="3.2.0">
  <project timestamp="1775646676864" name="All files">
    <metrics statements="86" coveredstatements="86" conditionals="36" coveredconditionals="36" methods="33" coveredmethods="33" elements="155" coveredelements="155" complexity="0" loc="86" ncloc="86" packages="2" files="6" classes="6"/>
    <package name="enums">
      <metrics statements="3" coveredstatements="3" conditionals="2" coveredconditionals="2" methods="1" coveredmethods="1"/>
      <file name="GameTypes.ts" path="C:\Users\arian\.gemini\antigravity\playground\inner-opportunity\scoreo-movil\Scoreo\backend\src\domain\enums\GameTypes.ts">
        <metrics statements="3" coveredstatements="3" conditionals="2" coveredconditionals="2" methods="1" coveredmethods="1"/>
        <line num="1" count="2" type="cond" truecount="2" falsecount="0"/>
        <line num="2" count="2" type="stmt"/>
        <line num="3" count="2" type="stmt"/>
      </file>
    </package>
    <package name="models">
      <metrics statements="83" coveredstatements="83" conditionals="34" coveredconditionals="34" methods="32" coveredmethods="32"/>
      <file name="MatchX01.ts" path="C:\Users\arian\.gemini\antigravity\playground\inner-opportunity\scoreo-movil\Scoreo\backend\src\domain\models\MatchX01.ts">
        <metrics statements="32" coveredstatements="32" conditionals="16" coveredconditionals="16" methods="11" coveredmethods="11"/>
        <line num="2" count="1" type="stmt"/>
        <line num="7" count="1" type="stmt"/>
        <line num="11" count="12" type="stmt"/>
        <line num="12" count="12" type="stmt"/>
        <line num="21" count="12" type="stmt"/>
        <line num="22" count="12" type="stmt"/>
        <line num="23" count="12" type="stmt"/>
        <line num="24" count="12" type="cond" truecount="2" falsecount="0"/>
        <line num="25" count="12" type="cond" truecount="2" falsecount="0"/>
        <line num="34" count="11" type="stmt"/>
        <line num="35" count="22" type="stmt"/>
        <line num="41" count="11" type="stmt"/>
        <line num="52" count="1" type="stmt"/>
        <line num="57" count="18" type="cond" truecount="2" falsecount="0"/>
        <line num="59" count="17" type="cond" truecount="4" falsecount="0"/>
        <line num="61" count="15" type="stmt"/>
        <line num="62" count="15" type="stmt"/>
        <line num="64" count="15" type="cond" truecount="2" falsecount="0"/>
        <line num="65" count="3" type="stmt"/>
        <line num="66" count="3" type="stmt"/>
        <line num="70" count="12" type="stmt"/>
        <line num="76" count="4" type="cond" truecount="2" falsecount="0"/>
        <line num="80" count="1" type="stmt"/>
        <line num="85" count="3" type="stmt"/>
        <line num="88" count="3" type="cond" truecount="2" falsecount="0"/>
        <line num="89" count="2" type="stmt"/>
        <line num="90" count="2" type="stmt"/>
        <line num="96" count="11" type="stmt"/>
        <line num="99" count="4" type="stmt"/>
        <line num="102" count="5" type="stmt"/>
        <line num="105" count="1" type="stmt"/>
        <line num="108" count="12" type="stmt"/>
      </file>
      <file name="MatchX01Config.ts" path="C:\Users\arian\.gemini\antigravity\playground\inner-opportunity\scoreo-movil\Scoreo\backend\src\domain\models\MatchX01Config.ts">
        <metrics statements="12" coveredstatements="12" conditionals="0" coveredconditionals="0" methods="7" coveredmethods="7"/>
        <line num="6" count="2" type="stmt"/>
        <line num="20" count="18" type="stmt"/>
        <line num="21" count="18" type="stmt"/>
        <line num="22" count="18" type="stmt"/>
        <line num="23" count="18" type="stmt"/>
        <line num="24" count="18" type="stmt"/>
        <line num="28" count="1" type="stmt"/>
        <line num="38" count="16" type="stmt"/>
        <line num="42" count="3" type="stmt"/>
        <line num="46" count="1" type="stmt"/>
        <line num="50" count="1" type="stmt"/>
        <line num="54" count="25" type="stmt"/>
      </file>
      <file name="PlayerX01.ts" path="C:\Users\arian\.gemini\antigravity\playground\inner-opportunity\scoreo-movil\Scoreo\backend\src\domain\models\PlayerX01.ts">
        <metrics statements="24" coveredstatements="24" conditionals="6" coveredconditionals="6" methods="9" coveredmethods="9"/>
        <line num="1" count="2" type="stmt"/>
        <line num="6" count="2" type="stmt"/>
        <line num="25" count="32" type="stmt"/>
        <line num="26" count="32" type="stmt"/>
        <line num="27" count="32" type="stmt"/>
        <line num="28" count="32" type="stmt"/>
        <line num="29" count="32" type="stmt"/>
        <line num="30" count="32" type="stmt"/>
        <line num="41" count="31" type="stmt"/>
        <line num="42" count="31" type="stmt"/>
        <line num="61" count="1" type="stmt"/>
        <line num="73" count="21" type="stmt"/>
        <line num="75" count="21" type="cond" truecount="4" falsecount="0"/>
        <line num="76" count="2" type="stmt"/>
        <line num="79" count="19" type="stmt"/>
        <line num="80" count="19" type="stmt"/>
        <line num="90" count="4" type="cond" truecount="2" falsecount="0"/>
        <line num="92" count="3" type="stmt"/>
        <line num="93" count="3" type="stmt"/>
        <line num="94" count="3" type="stmt"/>
        <line num="99" count="30" type="stmt"/>
        <line num="103" count="2" type="stmt"/>
        <line num="107" count="2" type="stmt"/>
        <line num="111" count="13" type="stmt"/>
      </file>
      <file name="ThrowX01.ts" path="C:\Users\arian\.gemini\antigravity\playground\inner-opportunity\scoreo-movil\Scoreo\backend\src\domain\models\ThrowX01.ts">
        <metrics statements="13" coveredstatements="13" conditionals="10" coveredconditionals="10" methods="4" coveredmethods="4"/>
        <line num="4" count="2" type="stmt"/>
        <line num="18" count="57" type="cond" truecount="4" falsecount="0"/>
        <line num="19" count="2" type="stmt"/>
        <line num="21" count="55" type="cond" truecount="4" falsecount="0"/>
        <line num="22" count="1" type="stmt"/>
        <line num="24" count="54" type="cond" truecount="2" falsecount="0"/>
        <line num="25" count="1" type="stmt"/>
        <line num="28" count="53" type="stmt"/>
        <line num="29" count="53" type="stmt"/>
        <line num="30" count="53" type="stmt"/>
        <line num="34" count="3" type="stmt"/>
        <line num="38" count="4" type="stmt"/>
        <line num="42" count="2" type="stmt"/>
      </file>
      <file name="User.ts" path="C:\Users\arian\.gemini\antigravity\playground\inner-opportunity\scoreo-movil\Scoreo\backend\src\domain\models\User.ts">
        <metrics statements="2" coveredstatements="2" conditionals="2" coveredconditionals="2" methods="1" coveredmethods="1"/>
        <line num="5" count="1" type="stmt"/>
        <line num="16" count="2" type="cond" truecount="2" falsecount="0"/>
      </file>
    </package>
  </project>
</coverage>
