<?xml version="1.0" encoding="UTF-8"?>
<coverage generated="1775644646952" clover="3.2.0">
  <project timestamp="1775644646952" name="All files">
    <metrics statements="53" coveredstatements="53" conditionals="20" coveredconditionals="20" methods="21" coveredmethods="21" elements="94" coveredelements="94" complexity="0" loc="53" ncloc="53" packages="2" files="5" classes="5"/>
    <package name="enums">
      <metrics statements="3" coveredstatements="3" conditionals="2" coveredconditionals="2" methods="1" coveredmethods="1"/>
      <file name="GameTypes.ts" path="C:\Users\arian\.gemini\antigravity\playground\inner-opportunity\scoreo-movil\Scoreo\backend\src\domain\enums\GameTypes.ts">
        <metrics statements="3" coveredstatements="3" conditionals="2" coveredconditionals="2" methods="1" coveredmethods="1"/>
        <line num="1" count="1" type="cond" truecount="2" falsecount="0"/>
        <line num="2" count="1" type="stmt"/>
        <line num="3" count="1" type="stmt"/>
      </file>
    </package>
    <package name="models">
      <metrics statements="50" coveredstatements="50" conditionals="18" coveredconditionals="18" methods="20" coveredmethods="20"/>
      <file name="MatchX01Config.ts" path="C:\Users\arian\.gemini\antigravity\playground\inner-opportunity\scoreo-movil\Scoreo\backend\src\domain\models\MatchX01Config.ts">
        <metrics statements="11" coveredstatements="11" conditionals="0" coveredconditionals="0" methods="6" coveredmethods="6"/>
        <line num="6" count="1" type="stmt"/>
        <line num="20" count="5" type="stmt"/>
        <line num="21" count="5" type="stmt"/>
        <line num="22" count="5" type="stmt"/>
        <line num="23" count="5" type="stmt"/>
        <line num="24" count="5" type="stmt"/>
        <line num="28" count="5" type="stmt"/>
        <line num="32" count="3" type="stmt"/>
        <line num="36" count="1" type="stmt"/>
        <line num="40" count="1" type="stmt"/>
        <line num="44" count="1" type="stmt"/>
      </file>
      <file name="PlayerX01.ts" path="C:\Users\arian\.gemini\antigravity\playground\inner-opportunity\scoreo-movil\Scoreo\backend\src\domain\models\PlayerX01.ts">
        <metrics statements="24" coveredstatements="24" conditionals="6" coveredconditionals="6" methods="9" coveredmethods="9"/>
        <line num="1" count="1" type="stmt"/>
        <line num="6" count="1" type="stmt"/>
        <line num="25" count="8" type="stmt"/>
        <line num="26" count="8" type="stmt"/>
        <line num="27" count="8" type="stmt"/>
        <line num="28" count="8" type="stmt"/>
        <line num="29" count="8" type="stmt"/>
        <line num="30" count="8" type="stmt"/>
        <line num="41" count="7" type="stmt"/>
        <line num="42" count="7" type="stmt"/>
        <line num="61" count="1" type="stmt"/>
        <line num="73" count="6" type="stmt"/>
        <line num="75" count="6" type="cond" truecount="4" falsecount="0"/>
        <line num="76" count="2" type="stmt"/>
        <line num="79" count="4" type="stmt"/>
        <line num="80" count="4" type="stmt"/>
        <line num="90" count="2" type="cond" truecount="2" falsecount="0"/>
        <line num="92" count="1" type="stmt"/>
        <line num="93" count="1" type="stmt"/>
        <line num="94" count="1" type="stmt"/>
        <line num="99" count="8" type="stmt"/>
        <line num="103" count="2" type="stmt"/>
        <line num="107" count="2" type="stmt"/>
        <line num="111" count="8" type="stmt"/>
      </file>
      <file name="ThrowX01.ts" path="C:\Users\arian\.gemini\antigravity\playground\inner-opportunity\scoreo-movil\Scoreo\backend\src\domain\models\ThrowX01.ts">
        <metrics statements="13" coveredstatements="13" conditionals="10" coveredconditionals="10" methods="4" coveredmethods="4"/>
        <line num="4" count="1" type="stmt"/>
        <line num="18" count="18" type="cond" truecount="4" falsecount="0"/>
        <line num="19" count="2" type="stmt"/>
        <line num="21" count="16" type="cond" truecount="4" falsecount="0"/>
        <line num="22" count="1" type="stmt"/>
        <line num="24" count="15" type="cond" truecount="2" falsecount="0"/>
        <line num="25" count="1" type="stmt"/>
        <line num="28" count="14" type="stmt"/>
        <line num="29" count="14" type="stmt"/>
        <line num="30" count="14" type="stmt"/>
        <line num="34" count="3" type="stmt"/>
        <line num="38" count="2" type="stmt"/>
        <line num="42" count="2" type="stmt"/>
      </file>
      <file name="User.ts" path="C:\Users\arian\.gemini\antigravity\playground\inner-opportunity\scoreo-movil\Scoreo\backend\src\domain\models\User.ts">
        <metrics statements="2" coveredstatements="2" conditionals="2" coveredconditionals="2" methods="1" coveredmethods="1"/>
        <line num="5" count="1" type="stmt"/>
        <line num="16" count="2" type="cond" truecount="2" falsecount="0"/>
      </file>
    </package>
  </project>
</coverage>
