{"C:\\Users\\arian\\.gemini\\antigravity\\playground\\inner-opportunity\\scoreo-movil\\Scoreo\\backend\\src\\domain\\models\\PlayerX01.ts": {"path":"C:\\Users\\arian\\.gemini\\antigravity\\playground\\inner-opportunity\\scoreo-movil\\Scoreo\\backend\\src\\domain\\models\\PlayerX01.ts","statementMap":{"0":{"start":{"line":1,"column":0},"end":{"line":1,"column":38}},"1":{"start":{"line":25,"column":4},"end":{"line":25,"column":17}},"2":{"start":{"line":26,"column":4},"end":{"line":26,"column":21}},"3":{"start":{"line":27,"column":4},"end":{"line":27,"column":42}},"4":{"start":{"line":28,"column":4},"end":{"line":28,"column":31}},"5":{"start":{"line":29,"column":4},"end":{"line":29,"column":31}},"6":{"start":{"line":30,"column":4},"end":{"line":30,"column":31}},"7":{"start":{"line":41,"column":25},"end":{"line":41,"column":57}},"8":{"start":{"line":42,"column":4},"end":{"line":49,"column":6}},"9":{"start":{"line":61,"column":4},"end":{"line":68,"column":6}},"10":{"start":{"line":73,"column":25},"end":{"line":73,"column":53}},"11":{"start":{"line":75,"column":4},"end":{"line":77,"column":5}},"12":{"start":{"line":76,"column":6},"end":{"line":76,"column":30}},"13":{"start":{"line":79,"column":4},"end":{"line":79,"column":40}},"14":{"start":{"line":80,"column":4},"end":{"line":86,"column":6}},"15":{"start":{"line":90,"column":4},"end":{"line":90,"column":41}},"16":{"start":{"line":90,"column":34},"end":{"line":90,"column":41}},"17":{"start":{"line":92,"column":4},"end":{"line":92,"column":23}},"18":{"start":{"line":93,"column":26},"end":{"line":93,"column":78}},"19":{"start":{"line":94,"column":4},"end":{"line":94,"column":41}},"20":{"start":{"line":99,"column":4},"end":{"line":99,"column":32}},"21":{"start":{"line":103,"column":4},"end":{"line":103,"column":28}},"22":{"start":{"line":107,"column":4},"end":{"line":107,"column":28}},"23":{"start":{"line":111,"column":4},"end":{"line":111,"column":29}},"24":{"start":{"line":6,"column":0},"end":{"line":6,"column":13}}},"fnMap":{"0":{"name":"(anonymous_0)","decl":{"start":{"line":17,"column":2},"end":{"line":17,"column":null}},"loc":{"start":{"line":23,"column":22},"end":{"line":33,"column":3}}},"1":{"name":"(anonymous_1)","decl":{"start":{"line":36,"column":9},"end":{"line":36,"column":15}},"loc":{"start":{"line":39,"column":24},"end":{"line":50,"column":3}}},"2":{"name":"(anonymous_2)","decl":{"start":{"line":53,"column":9},"end":{"line":53,"column":15}},"loc":{"start":{"line":59,"column":22},"end":{"line":69,"column":3}}},"3":{"name":"(anonymous_3)","decl":{"start":{"line":72,"column":9},"end":{"line":72,"column":17}},"loc":{"start":{"line":72,"column":31},"end":{"line":87,"column":3}}},"4":{"name":"(anonymous_4)","decl":{"start":{"line":89,"column":9},"end":{"line":89,"column":24}},"loc":{"start":{"line":89,"column":24},"end":{"line":95,"column":3}}},"5":{"name":"(anonymous_5)","decl":{"start":{"line":98,"column":2},"end":{"line":98,"column":13}},"loc":{"start":{"line":98,"column":27},"end":{"line":100,"column":3}}},"6":{"name":"(anonymous_6)","decl":{"start":{"line":102,"column":2},"end":{"line":102,"column":13}},"loc":{"start":{"line":102,"column":23},"end":{"line":104,"column":3}}},"7":{"name":"(anonymous_7)","decl":{"start":{"line":106,"column":2},"end":{"line":106,"column":13}},"loc":{"start":{"line":106,"column":23},"end":{"line":108,"column":3}}},"8":{"name":"(anonymous_8)","decl":{"start":{"line":110,"column":2},"end":{"line":110,"column":13}},"loc":{"start":{"line":110,"column":19},"end":{"line":112,"column":3}}}},"branchMap":{"0":{"loc":{"start":{"line":75,"column":4},"end":{"line":77,"column":5}},"type":"if","locations":[{"start":{"line":75,"column":4},"end":{"line":77,"column":5}},{"start":{},"end":{}}]},"1":{"loc":{"start":{"line":75,"column":8},"end":{"line":75,"column":46}},"type":"binary-expr","locations":[{"start":{"line":75,"column":8},"end":{"line":75,"column":24}},{"start":{"line":75,"column":28},"end":{"line":75,"column":46}}]},"2":{"loc":{"start":{"line":90,"column":4},"end":{"line":90,"column":41}},"type":"if","locations":[{"start":{"line":90,"column":4},"end":{"line":90,"column":41}},{"start":{},"end":{}}]}},"s":{"0":1,"1":8,"2":8,"3":8,"4":8,"5":8,"6":8,"7":7,"8":7,"9":1,"10":6,"11":6,"12":2,"13":4,"14":4,"15":2,"16":1,"17":1,"18":1,"19":1,"20":8,"21":2,"22":2,"23":8,"24":1},"f":{"0":8,"1":7,"2":1,"3":6,"4":2,"5":8,"6":2,"7":2,"8":8},"b":{"0":[2,4],"1":[6,5],"2":[1,1]}}
,"C:\\Users\\arian\\.gemini\\antigravity\\playground\\inner-opportunity\\scoreo-movil\\Scoreo\\backend\\src\\domain\\models\\ThrowX01.ts": {"path":"C:\\Users\\arian\\.gemini\\antigravity\\playground\\inner-opportunity\\scoreo-movil\\Scoreo\\backend\\src\\domain\\models\\ThrowX01.ts","statementMap":{"0":{"start":{"line":18,"column":8},"end":{"line":20,"column":9}},"1":{"start":{"line":19,"column":12},"end":{"line":19,"column":45}},"2":{"start":{"line":21,"column":8},"end":{"line":23,"column":9}},"3":{"start":{"line":22,"column":12},"end":{"line":22,"column":55}},"4":{"start":{"line":24,"column":8},"end":{"line":26,"column":9}},"5":{"start":{"line":25,"column":12},"end":{"line":25,"column":50}},"6":{"start":{"line":28,"column":8},"end":{"line":28,"column":28}},"7":{"start":{"line":29,"column":8},"end":{"line":29,"column":46}},"8":{"start":{"line":30,"column":8},"end":{"line":30,"column":36}},"9":{"start":{"line":34,"column":8},"end":{"line":34,"column":27}},"10":{"start":{"line":38,"column":8},"end":{"line":38,"column":36}},"11":{"start":{"line":42,"column":8},"end":{"line":42,"column":31}},"12":{"start":{"line":4,"column":0},"end":{"line":4,"column":13}}},"fnMap":{"0":{"name":"(anonymous_0)","decl":{"start":{"line":13,"column":4},"end":{"line":13,"column":null}},"loc":{"start":{"line":16,"column":25},"end":{"line":31,"column":5}}},"1":{"name":"(anonymous_1)","decl":{"start":{"line":33,"column":4},"end":{"line":33,"column":15}},"loc":{"start":{"line":33,"column":20},"end":{"line":35,"column":5}}},"2":{"name":"(anonymous_2)","decl":{"start":{"line":37,"column":4},"end":{"line":37,"column":15}},"loc":{"start":{"line":37,"column":29},"end":{"line":39,"column":5}}},"3":{"name":"(anonymous_3)","decl":{"start":{"line":41,"column":4},"end":{"line":41,"column":15}},"loc":{"start":{"line":41,"column":24},"end":{"line":43,"column":5}}}},"branchMap":{"0":{"loc":{"start":{"line":18,"column":8},"end":{"line":20,"column":9}},"type":"if","locations":[{"start":{"line":18,"column":8},"end":{"line":20,"column":9}},{"start":{},"end":{}}]},"1":{"loc":{"start":{"line":18,"column":12},"end":{"line":18,"column":36}},"type":"binary-expr","locations":[{"start":{"line":18,"column":12},"end":{"line":18,"column":21}},{"start":{"line":18,"column":25},"end":{"line":18,"column":36}}]},"2":{"loc":{"start":{"line":21,"column":8},"end":{"line":23,"column":9}},"type":"if","locations":[{"start":{"line":21,"column":8},"end":{"line":23,"column":9}},{"start":{},"end":{}}]},"3":{"loc":{"start":{"line":21,"column":12},"end":{"line":21,"column":54}},"type":"binary-expr","locations":[{"start":{"line":21,"column":12},"end":{"line":21,"column":30}},{"start":{"line":21,"column":34},"end":{"line":21,"column":54}}]},"4":{"loc":{"start":{"line":24,"column":8},"end":{"line":26,"column":9}},"type":"if","locations":[{"start":{"line":24,"column":8},"end":{"line":26,"column":9}},{"start":{},"end":{}}]}},"s":{"0":18,"1":2,"2":16,"3":1,"4":15,"5":1,"6":14,"7":14,"8":14,"9":3,"10":2,"11":2,"12":1},"f":{"0":18,"1":3,"2":2,"3":2},"b":{"0":[2,16],"1":[18,17],"2":[1,15],"3":[16,16],"4":[1,14]}}
,"C:\\Users\\arian\\.gemini\\antigravity\\playground\\inner-opportunity\\scoreo-movil\\Scoreo\\backend\\src\\domain\\models\\User.ts": {"path":"C:\\Users\\arian\\.gemini\\antigravity\\playground\\inner-opportunity\\scoreo-movil\\Scoreo\\backend\\src\\domain\\models\\User.ts","statementMap":{"0":{"start":{"line":16,"column":4},"end":{"line":16,"column":34}},"1":{"start":{"line":5,"column":0},"end":{"line":5,"column":13}}},"fnMap":{"0":{"name":"(anonymous_0)","decl":{"start":{"line":13,"column":2},"end":{"line":13,"column":null}},"loc":{"start":{"line":14,"column":16},"end":{"line":17,"column":3}}}},"branchMap":{"0":{"loc":{"start":{"line":16,"column":16},"end":{"line":16,"column":33}},"type":"binary-expr","locations":[{"start":{"line":16,"column":16},"end":{"line":16,"column":20}},{"start":{"line":16,"column":24},"end":{"line":16,"column":33}}]}},"s":{"0":2,"1":1},"f":{"0":2},"b":{"0":[2,1]}}
}
