{"C:\\Users\\arian\\.gemini\\antigravity\\playground\\inner-opportunity\\scoreo-movil\\Scoreo\\backend\\src\\domain\\enums\\GameTypes.ts": {"path":"C:\\Users\\arian\\.gemini\\antigravity\\playground\\inner-opportunity\\scoreo-movil\\Scoreo\\backend\\src\\domain\\enums\\GameTypes.ts","statementMap":{"0":{"start":{"line":1,"column":0},"end":{"line":1,"column":null}},"1":{"start":{"line":2,"column":4},"end":{"line":2,"column":null}},"2":{"start":{"line":3,"column":4},"end":{"line":3,"column":null}}},"fnMap":{"0":{"name":"(anonymous_0)","decl":{"start":{"line":1,"column":0},"end":{"line":1,"column":12}},"loc":{"start":{"line":1,"column":21},"end":{"line":4,"column":1}}}},"branchMap":{"0":{"loc":{"start":{"line":1,"column":12},"end":{"line":1,"column":null}},"type":"binary-expr","locations":[{"start":{"line":1,"column":12},"end":{"line":1,"column":21}},{"start":{"line":1,"column":21},"end":{"line":1,"column":null}}]}},"s":{"0":2,"1":2,"2":2},"f":{"0":2},"b":{"0":[2,2]}}
,"C:\\Users\\arian\\.gemini\\antigravity\\playground\\inner-opportunity\\scoreo-movil\\Scoreo\\backend\\src\\domain\\models\\MatchX01.ts": {"path":"C:\\Users\\arian\\.gemini\\antigravity\\playground\\inner-opportunity\\scoreo-movil\\Scoreo\\backend\\src\\domain\\models\\MatchX01.ts","statementMap":{"0":{"start":{"line":2,"column":0},"end":{"line":2,"column":40}},"1":{"start":{"line":11,"column":41},"end":{"line":11,"column":42}},"2":{"start":{"line":12,"column":46},"end":{"line":12,"column":55}},"3":{"start":{"line":21,"column":8},"end":{"line":21,"column":21}},"4":{"start":{"line":22,"column":8},"end":{"line":22,"column":30}},"5":{"start":{"line":23,"column":8},"end":{"line":23,"column":37}},"6":{"start":{"line":24,"column":8},"end":{"line":24,"column":57}},"7":{"start":{"line":25,"column":8},"end":{"line":25,"column":43}},"8":{"start":{"line":34,"column":24},"end":{"line":39,"column":null}},"9":{"start":{"line":35,"column":12},"end":{"line":38,"column":null}},"10":{"start":{"line":41,"column":8},"end":{"line":41,"column":49}},"11":{"start":{"line":52,"column":8},"end":{"line":52,"column":70}},"12":{"start":{"line":57,"column":8},"end":{"line":57,"column":48}},"13":{"start":{"line":57,"column":41},"end":{"line":57,"column":48}},"14":{"start":{"line":59,"column":8},"end":{"line":59,"column":45}},"15":{"start":{"line":59,"column":38},"end":{"line":59,"column":45}},"16":{"start":{"line":61,"column":30},"end":{"line":61,"column":68}},"17":{"start":{"line":62,"column":8},"end":{"line":62,"column":38}},"18":{"start":{"line":64,"column":8},"end":{"line":67,"column":9}},"19":{"start":{"line":65,"column":12},"end":{"line":65,"column":38}},"20":{"start":{"line":66,"column":12},"end":{"line":66,"column":19}},"21":{"start":{"line":70,"column":8},"end":{"line":70,"column":87}},"22":{"start":{"line":76,"column":8},"end":{"line":81,"column":9}},"23":{"start":{"line":80,"column":12},"end":{"line":80,"column":19}},"24":{"start":{"line":85,"column":25},"end":{"line":85,"column":100}},"25":{"start":{"line":88,"column":8},"end":{"line":91,"column":9}},"26":{"start":{"line":89,"column":12},"end":{"line":89,"column":54}},"27":{"start":{"line":90,"column":12},"end":{"line":90,"column":47}},"28":{"start":{"line":96,"column":8},"end":{"line":96,"column":54}},"29":{"start":{"line":99,"column":8},"end":{"line":99,"column":34}},"30":{"start":{"line":102,"column":8},"end":{"line":102,"column":28}},"31":{"start":{"line":105,"column":8},"end":{"line":105,"column":36}},"32":{"start":{"line":108,"column":8},"end":{"line":108,"column":39}},"33":{"start":{"line":7,"column":0},"end":{"line":7,"column":13}}},"fnMap":{"0":{"name":"(anonymous_0)","decl":{"start":{"line":14,"column":4},"end":{"line":14,"column":null}},"loc":{"start":{"line":19,"column":39},"end":{"line":26,"column":5}}},"1":{"name":"(anonymous_1)","decl":{"start":{"line":29,"column":11},"end":{"line":29,"column":17}},"loc":{"start":{"line":31,"column":30},"end":{"line":42,"column":5}}},"2":{"name":"(anonymous_2)","decl":{"start":{"line":34,"column":47},"end":{"line":34,"column":51}},"loc":{"start":{"line":35,"column":12},"end":{"line":38,"column":null}}},"3":{"name":"(anonymous_3)","decl":{"start":{"line":45,"column":11},"end":{"line":45,"column":17}},"loc":{"start":{"line":50,"column":38},"end":{"line":53,"column":5}}},"4":{"name":"(anonymous_4)","decl":{"start":{"line":56,"column":11},"end":{"line":56,"column":19}},"loc":{"start":{"line":56,"column":33},"end":{"line":71,"column":5}}},"5":{"name":"(anonymous_5)","decl":{"start":{"line":73,"column":11},"end":{"line":73,"column":24}},"loc":{"start":{"line":73,"column":24},"end":{"line":92,"column":5}}},"6":{"name":"(anonymous_6)","decl":{"start":{"line":95,"column":4},"end":{"line":95,"column":15}},"loc":{"start":{"line":95,"column":27},"end":{"line":97,"column":5}}},"7":{"name":"(anonymous_7)","decl":{"start":{"line":98,"column":4},"end":{"line":98,"column":15}},"loc":{"start":{"line":98,"column":22},"end":{"line":100,"column":5}}},"8":{"name":"(anonymous_8)","decl":{"start":{"line":101,"column":4},"end":{"line":101,"column":15}},"loc":{"start":{"line":101,"column":21},"end":{"line":103,"column":5}}},"9":{"name":"(anonymous_9)","decl":{"start":{"line":104,"column":4},"end":{"line":104,"column":15}},"loc":{"start":{"line":104,"column":21},"end":{"line":106,"column":5}}},"10":{"name":"(anonymous_10)","decl":{"start":{"line":107,"column":4},"end":{"line":107,"column":15}},"loc":{"start":{"line":107,"column":32},"end":{"line":109,"column":5}}}},"branchMap":{"0":{"loc":{"start":{"line":24,"column":34},"end":{"line":24,"column":56}},"type":"binary-expr","locations":[{"start":{"line":24,"column":34},"end":{"line":24,"column":51}},{"start":{"line":24,"column":55},"end":{"line":24,"column":56}}]},"1":{"loc":{"start":{"line":25,"column":23},"end":{"line":25,"column":42}},"type":"binary-expr","locations":[{"start":{"line":25,"column":23},"end":{"line":25,"column":29}},{"start":{"line":25,"column":33},"end":{"line":25,"column":42}}]},"2":{"loc":{"start":{"line":57,"column":8},"end":{"line":57,"column":48}},"type":"if","locations":[{"start":{"line":57,"column":8},"end":{"line":57,"column":48}},{"start":{},"end":{}}]},"3":{"loc":{"start":{"line":59,"column":8},"end":{"line":59,"column":45}},"type":"if","locations":[{"start":{"line":59,"column":8},"end":{"line":59,"column":45}},{"start":{},"end":{}}]},"4":{"loc":{"start":{"line":59,"column":12},"end":{"line":59,"column":36}},"type":"binary-expr","locations":[{"start":{"line":59,"column":12},"end":{"line":59,"column":21}},{"start":{"line":59,"column":25},"end":{"line":59,"column":36}}]},"5":{"loc":{"start":{"line":64,"column":8},"end":{"line":67,"column":9}},"type":"if","locations":[{"start":{"line":64,"column":8},"end":{"line":67,"column":9}},{"start":{},"end":{}}]},"6":{"loc":{"start":{"line":76,"column":8},"end":{"line":81,"column":9}},"type":"if","locations":[{"start":{"line":76,"column":8},"end":{"line":81,"column":9}},{"start":{},"end":{}}]},"7":{"loc":{"start":{"line":88,"column":8},"end":{"line":91,"column":9}},"type":"if","locations":[{"start":{"line":88,"column":8},"end":{"line":91,"column":9}},{"start":{},"end":{}}]}},"s":{"0":1,"1":12,"2":12,"3":12,"4":12,"5":12,"6":12,"7":12,"8":11,"9":22,"10":11,"11":1,"12":18,"13":1,"14":17,"15":2,"16":15,"17":15,"18":15,"19":3,"20":3,"21":12,"22":4,"23":1,"24":3,"25":3,"26":2,"27":2,"28":11,"29":4,"30":5,"31":1,"32":12,"33":1},"f":{"0":12,"1":11,"2":22,"3":1,"4":18,"5":4,"6":11,"7":4,"8":5,"9":1,"10":12},"b":{"0":[12,11],"1":[12,11],"2":[1,17],"3":[2,15],"4":[17,16],"5":[3,12],"6":[1,3],"7":[2,1]}}
,"C:\\Users\\arian\\.gemini\\antigravity\\playground\\inner-opportunity\\scoreo-movil\\Scoreo\\backend\\src\\domain\\models\\MatchX01Config.ts": {"path":"C:\\Users\\arian\\.gemini\\antigravity\\playground\\inner-opportunity\\scoreo-movil\\Scoreo\\backend\\src\\domain\\models\\MatchX01Config.ts","statementMap":{"0":{"start":{"line":20,"column":8},"end":{"line":20,"column":26}},"1":{"start":{"line":21,"column":8},"end":{"line":21,"column":38}},"2":{"start":{"line":22,"column":8},"end":{"line":22,"column":32}},"3":{"start":{"line":23,"column":8},"end":{"line":23,"column":32}},"4":{"start":{"line":24,"column":8},"end":{"line":24,"column":45}},"5":{"start":{"line":28,"column":8},"end":{"line":34,"column":10}},"6":{"start":{"line":38,"column":8},"end":{"line":38,"column":38}},"7":{"start":{"line":42,"column":8},"end":{"line":42,"column":32}},"8":{"start":{"line":46,"column":8},"end":{"line":46,"column":29}},"9":{"start":{"line":50,"column":8},"end":{"line":50,"column":29}},"10":{"start":{"line":54,"column":8},"end":{"line":54,"column":26}},"11":{"start":{"line":6,"column":0},"end":{"line":6,"column":13}}},"fnMap":{"0":{"name":"(anonymous_0)","decl":{"start":{"line":13,"column":4},"end":{"line":13,"column":null}},"loc":{"start":{"line":18,"column":29},"end":{"line":25,"column":5}}},"1":{"name":"(anonymous_1)","decl":{"start":{"line":27,"column":11},"end":{"line":27,"column":16}},"loc":{"start":{"line":27,"column":16},"end":{"line":35,"column":5}}},"2":{"name":"(anonymous_2)","decl":{"start":{"line":37,"column":4},"end":{"line":37,"column":15}},"loc":{"start":{"line":37,"column":26},"end":{"line":39,"column":5}}},"3":{"name":"(anonymous_3)","decl":{"start":{"line":41,"column":4},"end":{"line":41,"column":15}},"loc":{"start":{"line":41,"column":25},"end":{"line":43,"column":5}}},"4":{"name":"(anonymous_4)","decl":{"start":{"line":45,"column":4},"end":{"line":45,"column":15}},"loc":{"start":{"line":45,"column":22},"end":{"line":47,"column":5}}},"5":{"name":"(anonymous_5)","decl":{"start":{"line":49,"column":4},"end":{"line":49,"column":15}},"loc":{"start":{"line":49,"column":22},"end":{"line":51,"column":5}}},"6":{"name":"(anonymous_6)","decl":{"start":{"line":53,"column":4},"end":{"line":53,"column":15}},"loc":{"start":{"line":53,"column":19},"end":{"line":55,"column":5}}}},"branchMap":{},"s":{"0":18,"1":18,"2":18,"3":18,"4":18,"5":1,"6":16,"7":3,"8":1,"9":1,"10":25,"11":2},"f":{"0":18,"1":1,"2":16,"3":3,"4":1,"5":1,"6":25},"b":{}}
,"C:\\Users\\arian\\.gemini\\antigravity\\playground\\inner-opportunity\\scoreo-movil\\Scoreo\\backend\\src\\domain\\models\\PlayerX01.ts": {"path":"C:\\Users\\arian\\.gemini\\antigravity\\playground\\inner-opportunity\\scoreo-movil\\Scoreo\\backend\\src\\domain\\models\\PlayerX01.ts","statementMap":{"0":{"start":{"line":1,"column":0},"end":{"line":1,"column":38}},"1":{"start":{"line":25,"column":4},"end":{"line":25,"column":17}},"2":{"start":{"line":26,"column":4},"end":{"line":26,"column":21}},"3":{"start":{"line":27,"column":4},"end":{"line":27,"column":42}},"4":{"start":{"line":28,"column":4},"end":{"line":28,"column":31}},"5":{"start":{"line":29,"column":4},"end":{"line":29,"column":31}},"6":{"start":{"line":30,"column":4},"end":{"line":30,"column":31}},"7":{"start":{"line":41,"column":25},"end":{"line":41,"column":57}},"8":{"start":{"line":42,"column":4},"end":{"line":49,"column":6}},"9":{"start":{"line":61,"column":4},"end":{"line":68,"column":6}},"10":{"start":{"line":73,"column":25},"end":{"line":73,"column":53}},"11":{"start":{"line":75,"column":4},"end":{"line":77,"column":5}},"12":{"start":{"line":76,"column":6},"end":{"line":76,"column":30}},"13":{"start":{"line":79,"column":4},"end":{"line":79,"column":40}},"14":{"start":{"line":80,"column":4},"end":{"line":86,"column":6}},"15":{"start":{"line":90,"column":4},"end":{"line":90,"column":41}},"16":{"start":{"line":90,"column":34},"end":{"line":90,"column":41}},"17":{"start":{"line":92,"column":4},"end":{"line":92,"column":23}},"18":{"start":{"line":93,"column":26},"end":{"line":93,"column":78}},"19":{"start":{"line":94,"column":4},"end":{"line":94,"column":41}},"20":{"start":{"line":99,"column":4},"end":{"line":99,"column":32}},"21":{"start":{"line":103,"column":4},"end":{"line":103,"column":28}},"22":{"start":{"line":107,"column":4},"end":{"line":107,"column":28}},"23":{"start":{"line":111,"column":4},"end":{"line":111,"column":29}},"24":{"start":{"line":6,"column":0},"end":{"line":6,"column":13}}},"fnMap":{"0":{"name":"(anonymous_0)","decl":{"start":{"line":17,"column":2},"end":{"line":17,"column":null}},"loc":{"start":{"line":23,"column":22},"end":{"line":33,"column":3}}},"1":{"name":"(anonymous_1)","decl":{"start":{"line":36,"column":9},"end":{"line":36,"column":15}},"loc":{"start":{"line":39,"column":24},"end":{"line":50,"column":3}}},"2":{"name":"(anonymous_2)","decl":{"start":{"line":53,"column":9},"end":{"line":53,"column":15}},"loc":{"start":{"line":59,"column":22},"end":{"line":69,"column":3}}},"3":{"name":"(anonymous_3)","decl":{"start":{"line":72,"column":9},"end":{"line":72,"column":17}},"loc":{"start":{"line":72,"column":31},"end":{"line":87,"column":3}}},"4":{"name":"(anonymous_4)","decl":{"start":{"line":89,"column":9},"end":{"line":89,"column":24}},"loc":{"start":{"line":89,"column":24},"end":{"line":95,"column":3}}},"5":{"name":"(anonymous_5)","decl":{"start":{"line":98,"column":2},"end":{"line":98,"column":13}},"loc":{"start":{"line":98,"column":27},"end":{"line":100,"column":3}}},"6":{"name":"(anonymous_6)","decl":{"start":{"line":102,"column":2},"end":{"line":102,"column":13}},"loc":{"start":{"line":102,"column":23},"end":{"line":104,"column":3}}},"7":{"name":"(anonymous_7)","decl":{"start":{"line":106,"column":2},"end":{"line":106,"column":13}},"loc":{"start":{"line":106,"column":23},"end":{"line":108,"column":3}}},"8":{"name":"(anonymous_8)","decl":{"start":{"line":110,"column":2},"end":{"line":110,"column":13}},"loc":{"start":{"line":110,"column":19},"end":{"line":112,"column":3}}}},"branchMap":{"0":{"loc":{"start":{"line":75,"column":4},"end":{"line":77,"column":5}},"type":"if","locations":[{"start":{"line":75,"column":4},"end":{"line":77,"column":5}},{"start":{},"end":{}}]},"1":{"loc":{"start":{"line":75,"column":8},"end":{"line":75,"column":46}},"type":"binary-expr","locations":[{"start":{"line":75,"column":8},"end":{"line":75,"column":24}},{"start":{"line":75,"column":28},"end":{"line":75,"column":46}}]},"2":{"loc":{"start":{"line":90,"column":4},"end":{"line":90,"column":41}},"type":"if","locations":[{"start":{"line":90,"column":4},"end":{"line":90,"column":41}},{"start":{},"end":{}}]}},"s":{"0":2,"1":32,"2":32,"3":32,"4":32,"5":32,"6":32,"7":31,"8":31,"9":1,"10":21,"11":21,"12":2,"13":19,"14":19,"15":4,"16":1,"17":3,"18":3,"19":3,"20":30,"21":2,"22":2,"23":13,"24":2},"f":{"0":32,"1":31,"2":1,"3":21,"4":4,"5":30,"6":2,"7":2,"8":13},"b":{"0":[2,19],"1":[21,20],"2":[1,3]}}
,"C:\\Users\\arian\\.gemini\\antigravity\\playground\\inner-opportunity\\scoreo-movil\\Scoreo\\backend\\src\\domain\\models\\ThrowX01.ts": {"path":"C:\\Users\\arian\\.gemini\\antigravity\\playground\\inner-opportunity\\scoreo-movil\\Scoreo\\backend\\src\\domain\\models\\ThrowX01.ts","statementMap":{"0":{"start":{"line":18,"column":8},"end":{"line":20,"column":9}},"1":{"start":{"line":19,"column":12},"end":{"line":19,"column":45}},"2":{"start":{"line":21,"column":8},"end":{"line":23,"column":9}},"3":{"start":{"line":22,"column":12},"end":{"line":22,"column":55}},"4":{"start":{"line":24,"column":8},"end":{"line":26,"column":9}},"5":{"start":{"line":25,"column":12},"end":{"line":25,"column":50}},"6":{"start":{"line":28,"column":8},"end":{"line":28,"column":28}},"7":{"start":{"line":29,"column":8},"end":{"line":29,"column":46}},"8":{"start":{"line":30,"column":8},"end":{"line":30,"column":36}},"9":{"start":{"line":34,"column":8},"end":{"line":34,"column":27}},"10":{"start":{"line":38,"column":8},"end":{"line":38,"column":36}},"11":{"start":{"line":42,"column":8},"end":{"line":42,"column":31}},"12":{"start":{"line":4,"column":0},"end":{"line":4,"column":13}}},"fnMap":{"0":{"name":"(anonymous_0)","decl":{"start":{"line":13,"column":4},"end":{"line":13,"column":null}},"loc":{"start":{"line":16,"column":25},"end":{"line":31,"column":5}}},"1":{"name":"(anonymous_1)","decl":{"start":{"line":33,"column":4},"end":{"line":33,"column":15}},"loc":{"start":{"line":33,"column":20},"end":{"line":35,"column":5}}},"2":{"name":"(anonymous_2)","decl":{"start":{"line":37,"column":4},"end":{"line":37,"column":15}},"loc":{"start":{"line":37,"column":29},"end":{"line":39,"column":5}}},"3":{"name":"(anonymous_3)","decl":{"start":{"line":41,"column":4},"end":{"line":41,"column":15}},"loc":{"start":{"line":41,"column":24},"end":{"line":43,"column":5}}}},"branchMap":{"0":{"loc":{"start":{"line":18,"column":8},"end":{"line":20,"column":9}},"type":"if","locations":[{"start":{"line":18,"column":8},"end":{"line":20,"column":9}},{"start":{},"end":{}}]},"1":{"loc":{"start":{"line":18,"column":12},"end":{"line":18,"column":36}},"type":"binary-expr","locations":[{"start":{"line":18,"column":12},"end":{"line":18,"column":21}},{"start":{"line":18,"column":25},"end":{"line":18,"column":36}}]},"2":{"loc":{"start":{"line":21,"column":8},"end":{"line":23,"column":9}},"type":"if","locations":[{"start":{"line":21,"column":8},"end":{"line":23,"column":9}},{"start":{},"end":{}}]},"3":{"loc":{"start":{"line":21,"column":12},"end":{"line":21,"column":54}},"type":"binary-expr","locations":[{"start":{"line":21,"column":12},"end":{"line":21,"column":30}},{"start":{"line":21,"column":34},"end":{"line":21,"column":54}}]},"4":{"loc":{"start":{"line":24,"column":8},"end":{"line":26,"column":9}},"type":"if","locations":[{"start":{"line":24,"column":8},"end":{"line":26,"column":9}},{"start":{},"end":{}}]}},"s":{"0":57,"1":2,"2":55,"3":1,"4":54,"5":1,"6":53,"7":53,"8":53,"9":3,"10":4,"11":2,"12":2},"f":{"0":57,"1":3,"2":4,"3":2},"b":{"0":[2,55],"1":[57,56],"2":[1,54],"3":[55,55],"4":[1,53]}}
,"C:\\Users\\arian\\.gemini\\antigravity\\playground\\inner-opportunity\\scoreo-movil\\Scoreo\\backend\\src\\domain\\models\\User.ts": {"path":"C:\\Users\\arian\\.gemini\\antigravity\\playground\\inner-opportunity\\scoreo-movil\\Scoreo\\backend\\src\\domain\\models\\User.ts","statementMap":{"0":{"start":{"line":16,"column":4},"end":{"line":16,"column":34}},"1":{"start":{"line":5,"column":0},"end":{"line":5,"column":13}}},"fnMap":{"0":{"name":"(anonymous_0)","decl":{"start":{"line":13,"column":2},"end":{"line":13,"column":null}},"loc":{"start":{"line":14,"column":16},"end":{"line":17,"column":3}}}},"branchMap":{"0":{"loc":{"start":{"line":16,"column":16},"end":{"line":16,"column":33}},"type":"binary-expr","locations":[{"start":{"line":16,"column":16},"end":{"line":16,"column":20}},{"start":{"line":16,"column":24},"end":{"line":16,"column":33}}]}},"s":{"0":2,"1":1},"f":{"0":2},"b":{"0":[2,1]}}
}
