TN:
SF:backend\src\domain\models\PlayerX01.ts
FN:17,(anonymous_0)
FN:36,(anonymous_1)
FN:53,(anonymous_2)
FN:72,(anonymous_3)
FN:89,(anonymous_4)
FN:98,(anonymous_5)
FN:102,(anonymous_6)
FN:106,(anonymous_7)
FN:110,(anonymous_8)
FNF:9
FNH:9
FNDA:8,(anonymous_0)
FNDA:7,(anonymous_1)
FNDA:1,(anonymous_2)
FNDA:6,(anonymous_3)
FNDA:2,(anonymous_4)
FNDA:8,(anonymous_5)
FNDA:2,(anonymous_6)
FNDA:2,(anonymous_7)
FNDA:8,(anonymous_8)
DA:1,1
DA:6,1
DA:25,8
DA:26,8
DA:27,8
DA:28,8
DA:29,8
DA:30,8
DA:41,7
DA:42,7
DA:61,1
DA:73,6
DA:75,6
DA:76,2
DA:79,4
DA:80,4
DA:90,2
DA:92,1
DA:93,1
DA:94,1
DA:99,8
DA:103,2
DA:107,2
DA:111,8
LF:24
LH:24
BRDA:75,0,0,2
BRDA:75,0,1,4
BRDA:75,1,0,6
BRDA:75,1,1,5
BRDA:90,2,0,1
BRDA:90,2,1,1
BRF:6
BRH:6
end_of_record
TN:
SF:backend\src\domain\models\ThrowX01.ts
FN:13,(anonymous_0)
FN:33,(anonymous_1)
FN:37,(anonymous_2)
FN:41,(anonymous_3)
FNF:4
FNH:4
FNDA:18,(anonymous_0)
FNDA:3,(anonymous_1)
FNDA:2,(anonymous_2)
FNDA:2,(anonymous_3)
DA:4,1
DA:18,18
DA:19,2
DA:21,16
DA:22,1
DA:24,15
DA:25,1
DA:28,14
DA:29,14
DA:30,14
DA:34,3
DA:38,2
DA:42,2
LF:13
LH:13
BRDA:18,0,0,2
BRDA:18,0,1,16
BRDA:18,1,0,18
BRDA:18,1,1,17
BRDA:21,2,0,1
BRDA:21,2,1,15
BRDA:21,3,0,16
BRDA:21,3,1,16
BRDA:24,4,0,1
BRDA:24,4,1,14
BRF:10
BRH:10
end_of_record
TN:
SF:backend\src\domain\models\User.ts
FN:13,(anonymous_0)
FNF:1
FNH:1
FNDA:2,(anonymous_0)
DA:5,1
DA:16,2
LF:2
LH:2
BRDA:16,0,0,2
BRDA:16,0,1,1
BRF:2
BRH:2
end_of_record
