TN:
SF:backend\src\domain\enums\GameTypes.ts
FN:1,(anonymous_0)
FNF:1
FNH:1
FNDA:2,(anonymous_0)
DA:1,2
DA:2,2
DA:3,2
LF:3
LH:3
BRDA:1,0,0,2
BRDA:1,0,1,2
BRF:2
BRH:2
end_of_record
TN:
SF:backend\src\domain\models\MatchX01.ts
FN:14,(anonymous_0)
FN:29,(anonymous_1)
FN:34,(anonymous_2)
FN:45,(anonymous_3)
FN:56,(anonymous_4)
FN:73,(anonymous_5)
FN:95,(anonymous_6)
FN:98,(anonymous_7)
FN:101,(anonymous_8)
FN:104,(anonymous_9)
FN:107,(anonymous_10)
FNF:11
FNH:11
FNDA:12,(anonymous_0)
FNDA:11,(anonymous_1)
FNDA:22,(anonymous_2)
FNDA:1,(anonymous_3)
FNDA:18,(anonymous_4)
FNDA:4,(anonymous_5)
FNDA:11,(anonymous_6)
FNDA:4,(anonymous_7)
FNDA:5,(anonymous_8)
FNDA:1,(anonymous_9)
FNDA:12,(anonymous_10)
DA:2,1
DA:7,1
DA:11,12
DA:12,12
DA:21,12
DA:22,12
DA:23,12
DA:24,12
DA:25,12
DA:34,11
DA:35,22
DA:41,11
DA:52,1
DA:57,18
DA:59,17
DA:61,15
DA:62,15
DA:64,15
DA:65,3
DA:66,3
DA:70,12
DA:76,4
DA:80,1
DA:85,3
DA:88,3
DA:89,2
DA:90,2
DA:96,11
DA:99,4
DA:102,5
DA:105,1
DA:108,12
LF:32
LH:32
BRDA:24,0,0,12
BRDA:24,0,1,11
BRDA:25,1,0,12
BRDA:25,1,1,11
BRDA:57,2,0,1
BRDA:57,2,1,17
BRDA:59,3,0,2
BRDA:59,3,1,15
BRDA:59,4,0,17
BRDA:59,4,1,16
BRDA:64,5,0,3
BRDA:64,5,1,12
BRDA:76,6,0,1
BRDA:76,6,1,3
BRDA:88,7,0,2
BRDA:88,7,1,1
BRF:16
BRH:16
end_of_record
TN:
SF:backend\src\domain\models\MatchX01Config.ts
FN:13,(anonymous_0)
FN:27,(anonymous_1)
FN:37,(anonymous_2)
FN:41,(anonymous_3)
FN:45,(anonymous_4)
FN:49,(anonymous_5)
FN:53,(anonymous_6)
FNF:7
FNH:7
FNDA:18,(anonymous_0)
FNDA:1,(anonymous_1)
FNDA:16,(anonymous_2)
FNDA:3,(anonymous_3)
FNDA:1,(anonymous_4)
FNDA:1,(anonymous_5)
FNDA:25,(anonymous_6)
DA:6,2
DA:20,18
DA:21,18
DA:22,18
DA:23,18
DA:24,18
DA:28,1
DA:38,16
DA:42,3
DA:46,1
DA:50,1
DA:54,25
LF:12
LH:12
BRF:0
BRH:0
end_of_record
TN:
SF:backend\src\domain\models\PlayerX01.ts
FN:17,(anonymous_0)
FN:36,(anonymous_1)
FN:53,(anonymous_2)
FN:72,(anonymous_3)
FN:89,(anonymous_4)
FN:98,(anonymous_5)
FN:102,(anonymous_6)
FN:106,(anonymous_7)
FN:110,(anonymous_8)
FNF:9
FNH:9
FNDA:32,(anonymous_0)
FNDA:31,(anonymous_1)
FNDA:1,(anonymous_2)
FNDA:21,(anonymous_3)
FNDA:4,(anonymous_4)
FNDA:30,(anonymous_5)
FNDA:2,(anonymous_6)
FNDA:2,(anonymous_7)
FNDA:13,(anonymous_8)
DA:1,2
DA:6,2
DA:25,32
DA:26,32
DA:27,32
DA:28,32
DA:29,32
DA:30,32
DA:41,31
DA:42,31
DA:61,1
DA:73,21
DA:75,21
DA:76,2
DA:79,19
DA:80,19
DA:90,4
DA:92,3
DA:93,3
DA:94,3
DA:99,30
DA:103,2
DA:107,2
DA:111,13
LF:24
LH:24
BRDA:75,0,0,2
BRDA:75,0,1,19
BRDA:75,1,0,21
BRDA:75,1,1,20
BRDA:90,2,0,1
BRDA:90,2,1,3
BRF:6
BRH:6
end_of_record
TN:
SF:backend\src\domain\models\ThrowX01.ts
FN:13,(anonymous_0)
FN:33,(anonymous_1)
FN:37,(anonymous_2)
FN:41,(anonymous_3)
FNF:4
FNH:4
FNDA:57,(anonymous_0)
FNDA:3,(anonymous_1)
FNDA:4,(anonymous_2)
FNDA:2,(anonymous_3)
DA:4,2
DA:18,57
DA:19,2
DA:21,55
DA:22,1
DA:24,54
DA:25,1
DA:28,53
DA:29,53
DA:30,53
DA:34,3
DA:38,4
DA:42,2
LF:13
LH:13
BRDA:18,0,0,2
BRDA:18,0,1,55
BRDA:18,1,0,57
BRDA:18,1,1,56
BRDA:21,2,0,1
BRDA:21,2,1,54
BRDA:21,3,0,55
BRDA:21,3,1,55
BRDA:24,4,0,1
BRDA:24,4,1,53
BRF:10
BRH:10
end_of_record
TN:
SF:backend\src\domain\models\User.ts
FN:13,(anonymous_0)
FNF:1
FNH:1
FNDA:2,(anonymous_0)
DA:5,1
DA:16,2
LF:2
LH:2
BRDA:16,0,0,2
BRDA:16,0,1,1
BRF:2
BRH:2
end_of_record
